<?xml version="1.0" encoding="UTF-8"?>
<testng-results ignored="0" total="1" passed="1" failed="0" skipped="0">
  <reporter-output>
  </reporter-output>
  <suite started-at="2025-01-31T16:43:04 IST" name="Default suite" finished-at="2025-01-31T16:43:15 IST" duration-ms="10668">
    <groups>
    </groups>
    <test started-at="2025-01-31T16:43:04 IST" name="Default test" finished-at="2025-01-31T16:43:15 IST" duration-ms="10668">
      <class name="excutablefiles.Excutable">
        <test-method signature="init()[pri:0, instance:excutablefiles.Excutable@44ebcd03]" started-at="2025-01-31T16:43:04 IST" name="init" finished-at="2025-01-31T16:43:15 IST" duration-ms="10640" status="PASS">
          <reporter-output>
          </reporter-output>
        </test-method> <!-- init -->
        <test-method is-config="true" signature="close()[pri:0, instance:excutablefiles.Excutable@44ebcd03]" started-at="2025-01-31T16:43:15 IST" name="close" finished-at="2025-01-31T16:43:15 IST" duration-ms="282" status="PASS">
          <reporter-output>
          </reporter-output>
        </test-method> <!-- close -->
      </class> <!-- excutablefiles.Excutable -->
    </test> <!-- Default test -->
  </suite> <!-- Default suite -->
</testng-results>
